The command "docker run -v $TRAVIS_BUILD_DIR:/documents/ --name asciidoc-to-html asciidoctor/docker-asciidoctor asciidoctor -D /documents/output *.adoc ./Hyrax/Master_Hyrax_Table_of_Contents.adoc" exited with 0.
34.77s$ docker run -v $TRAVIS_BUILD_DIR:/documents/ --name asciidoc-to-pdf asciidoctor/docker-asciidoctor asciidoctor-pdf -D /documents/output *.adoc ./Hyrax/Master_Hyrax_Table_of_Contents.adoc
asciidoctor: WARNING: could not embed image: /documents/images/Unlinked.png; PNG uses unsupported interlace method
asciidoctor: WARNING: could not embed image: /documents/images/Linked.png; PNG uses unsupported interlace method
asciidoctor: WARNING: preface.adoc: line 11: section title out of sequence: expected level 2, got level 3
asciidoctor: WARNING: DAP_Clients_Authentication.adoc: line 13: list item index: expected 2, got 1
asciidoctor: WARNING: DAP_Clients_Authentication.adoc: line 14: list item index: expected 3, got 1
Failed to parse formatted text: <code>&securityConfig;</code>
Failed to parse formatted text: <code>&securityConfig;</code>
asciidoctor: WARNING: image to embed not found or not readable: /documents/images4/Hai-Slide09.jpg
asciidoctor: WARNING: image to embed not found or not readable: /documents/images/b/b7/URSApplicationPending.png
asciidoctor: WARNING: image to embed not found or not readable: /documents/images/4/47/UrsApplicationSearch.png
asciidoctor: WARNING: image to embed not found or not readable: /documents/images/8/84/UrsApproveApplication.png
asciidoctor: WARNING: image to embed not found or not readable: /documents/images/e/e0/UrsApprovedApplicationList.png
asciidoctor: WARNING: image to embed not found or not readable: /documents/Hyrax/UrsApplicationSearch.png
asciidoctor: WARNING: image to embed not found or not readable: /documents/Hyrax/UrsApproveApplication.png
asciidoctor: WARNING: image to embed not found or not readable: /documents/Hyrax/UrsApprovedApplicationList.png
asciidoctor: WARNING: image to embed not found or not readable: /documents/Hyrax/IDVAuthDialog.png
asciidoctor: WARNING: image to embed not found or not readable: /documents/Hyrax/IDV-LDAP.png
asciidoctor: WARNING: image to embed not found or not readable: /documents/Hyrax/IDV-Shibboleth.png
asciidoctor: WARNING: image to embed not found or not readable: /documents/Hyrax/ToolsUIAuthDialog.png
asciidoctor: WARNING: image to embed not found or not readable: /documents/Hyrax/ToolsUI-LDAP.png
asciidoctor: WARNING: image to embed not found or not readable: /documents/Hyrax/ToolsUI-Shibboleth.png
asciidoctor: WARNING: image to embed not found or not readable: /documents/Hyrax/PanoplyAuthDialog.png
asciidoctor: WARNING: image to embed not found or not readable: /documents/Hyrax/Panoply-LDAP.png
asciidoctor: WARNING: image to embed not found or not readable: /documents/Hyrax/Panoply-Shibboleth.png
asciidoctor: WARNING: image to embed not found or not readable: /documents/images/squid_1.png
